-------------------------------------------------------------------------------
Test set: test.service.addNewProductToDbTest
-------------------------------------------------------------------------------
Tests run: 2, Failures: 0, Errors: 2, Skipped: 0, Time elapsed: 48.208 sec <<< FAILURE! - in test.service.addNewProductToDbTest
a_product_can_be_added_througthe_ui_and_be_retrieved_from_the_db(test.service.addNewProductToDbTest)  Time elapsed: 47.758 sec  <<< ERROR!
org.openqa.selenium.WebDriverException: 
Failed to connect to binary FirefoxBinary(C:\Program Files\Mozilla Firefox\firefox.exe) on port 7055; process output follows: 
":false,"signedState":2,"seen":true}
1482955361600	addons.xpi	DEBUG	Updating XPIState for {"id":"sp@avast.com","syncGUID":"5d3neI-khcDc","location":"winreg-app-global","version":"10.3.5.39","type":"extension","internalName":null,"updateURL":null,"updateKey":null,"optionsURL":null,"optionsType":null,"aboutURL":null,"icons":{},"iconURL":"chrome://sp/content/common/skin/img/logo-safeprice-48.png","icon64URL":null,"defaultLocale":{"name":"Avast SafePrice","description":"Safe shopping extension","creator":"AVAST Software","homepageURL":"http://www.avast.com/"},"visible":true,"active":false,"userDisabled":true,"appDisabled":false,"descriptor":"C:\\Program Files\\AVAST Software\\Avast\\SafePrice\\FF","installDate":1474004944753,"updateDate":1474004944753,"applyBackgroundUpdates":1,"bootstrap":true,"skinnable":false,"size":1877359,"sourceURI":null,"releaseNotesURI":null,"softDisabled":false,"foreignInstall":true,"hasBinaryComponents":false,"strictCompatibility":false,"locales":[],"targetApplications":[{"id":"{ec8030f7-c20a-464f-9b0e-13a3a9e97384}","minVersion":"38.0a1","maxVersion":"43.0"}],"targetPlatforms":[],"multiprocessCompatible":false,"signedState":2,"seen":true}
1482955361600	DeferredSave.extensions.json	DEBUG	Save changes
1482955361600	addons.xpi	DEBUG	Updating database with changes to installed add-ons
1482955361600	addons.xpi-utils	DEBUG	Updating add-on states
1482955361601	addons.xpi-utils	DEBUG	Writing add-ons list
1482955361605	addons.xpi	DEBUG	Registering manifest for C:\Program Files\Mozilla Firefox\browser\features\e10srollout@mozilla.org.xpi
1482955361606	addons.xpi	DEBUG	Calling bootstrap method startup on e10srollout@mozilla.org version 1.0
1482955361606	addons.xpi	DEBUG	Registering manifest for C:\Program Files\Mozilla Firefox\browser\features\firefox@getpocket.com.xpi
1482955361607	addons.xpi	DEBUG	Calling bootstrap method startup on firefox@getpocket.com version 1.0
1482955361608	addons.xpi	DEBUG	Registering manifest for C:\Program Files\Mozilla Firefox\browser\features\loop@mozilla.org.xpi
1482955361609	addons.xpi	DEBUG	Calling bootstrap method startup on loop@mozilla.org version 1.2.6
1482955361628	addons.manager	DEBUG	Registering shutdown blocker for XPIProvider
1482955361628	addons.manager	DEBUG	Provider finished startup: XPIProvider
1482955361628	addons.manager	DEBUG	Starting provider: LightweightThemeManager
1482955361628	addons.manager	DEBUG	Registering shutdown blocker for LightweightThemeManager
1482955361628	addons.manager	DEBUG	Provider finished startup: LightweightThemeManager
1482955361629	addons.manager	DEBUG	Starting provider: GMPProvider
1482955361634	addons.manager	DEBUG	Registering shutdown blocker for GMPProvider
1482955361635	addons.manager	DEBUG	Provider finished startup: GMPProvider
1482955361635	addons.manager	DEBUG	Starting provider: PluginProvider
1482955361635	addons.manager	DEBUG	Registering shutdown blocker for PluginProvider
1482955361635	addons.manager	DEBUG	Provider finished startup: PluginProvider
1482955361635	addons.manager	DEBUG	Completed startup sequence
1482955362625	DeferredSave.extensions.json	DEBUG	Starting timer
1482955362636	addons.manager	DEBUG	Starting provider: <unnamed-provider>
1482955362636	addons.manager	DEBUG	Registering shutdown blocker for <unnamed-provider>
1482955362636	addons.manager	DEBUG	Provider finished startup: <unnamed-provider>
1482955362658	DeferredSave.extensions.json	DEBUG	Starting write
1482955362727	addons.repository	DEBUG	No addons.json found.
1482955362728	DeferredSave.addons.json	DEBUG	Save changes
1482955362772	DeferredSave.addons.json	DEBUG	Starting timer
1482955362861	addons.manager	DEBUG	Starting provider: PreviousExperimentProvider
1482955362861	addons.manager	DEBUG	Registering shutdown blocker for PreviousExperimentProvider
1482955362861	addons.manager	DEBUG	Provider finished startup: PreviousExperimentProvider
1482955362872	DeferredSave.addons.json	DEBUG	Starting write
1482955362877	DeferredSave.extensions.json	DEBUG	Write succeeded
1482955363630	DeferredSave.addons.json	DEBUG	Write succeeded

Build info: version: '2.48.2', revision: '41bccdd10cf2c0560f637404c2d96164b67d9d67', time: '2015-10-09 13:08:06'
System info: host: 'BPC', ip: '192.168.57.1', os.name: 'Windows 10', os.arch: 'amd64', os.version: '10.0', java.version: '1.8.0_111'
Driver info: driver.version: FirefoxDriver
	at test.service.addNewProductToDbTest.setUp(addNewProductToDbTest.java:14)
Caused by: org.openqa.selenium.firefox.NotConnectedException: 
Unable to connect to host 127.0.0.1 on port 7055 after 45000 ms. Firefox console output:
":false,"signedState":2,"seen":true}
1482955361600	addons.xpi	DEBUG	Updating XPIState for {"id":"sp@avast.com","syncGUID":"5d3neI-khcDc","location":"winreg-app-global","version":"10.3.5.39","type":"extension","internalName":null,"updateURL":null,"updateKey":null,"optionsURL":null,"optionsType":null,"aboutURL":null,"icons":{},"iconURL":"chrome://sp/content/common/skin/img/logo-safeprice-48.png","icon64URL":null,"defaultLocale":{"name":"Avast SafePrice","description":"Safe shopping extension","creator":"AVAST Software","homepageURL":"http://www.avast.com/"},"visible":true,"active":false,"userDisabled":true,"appDisabled":false,"descriptor":"C:\\Program Files\\AVAST Software\\Avast\\SafePrice\\FF","installDate":1474004944753,"updateDate":1474004944753,"applyBackgroundUpdates":1,"bootstrap":true,"skinnable":false,"size":1877359,"sourceURI":null,"releaseNotesURI":null,"softDisabled":false,"foreignInstall":true,"hasBinaryComponents":false,"strictCompatibility":false,"locales":[],"targetApplications":[{"id":"{ec8030f7-c20a-464f-9b0e-13a3a9e97384}","minVersion":"38.0a1","maxVersion":"43.0"}],"targetPlatforms":[],"multiprocessCompatible":false,"signedState":2,"seen":true}
1482955361600	DeferredSave.extensions.json	DEBUG	Save changes
1482955361600	addons.xpi	DEBUG	Updating database with changes to installed add-ons
1482955361600	addons.xpi-utils	DEBUG	Updating add-on states
1482955361601	addons.xpi-utils	DEBUG	Writing add-ons list
1482955361605	addons.xpi	DEBUG	Registering manifest for C:\Program Files\Mozilla Firefox\browser\features\e10srollout@mozilla.org.xpi
1482955361606	addons.xpi	DEBUG	Calling bootstrap method startup on e10srollout@mozilla.org version 1.0
1482955361606	addons.xpi	DEBUG	Registering manifest for C:\Program Files\Mozilla Firefox\browser\features\firefox@getpocket.com.xpi
1482955361607	addons.xpi	DEBUG	Calling bootstrap method startup on firefox@getpocket.com version 1.0
1482955361608	addons.xpi	DEBUG	Registering manifest for C:\Program Files\Mozilla Firefox\browser\features\loop@mozilla.org.xpi
1482955361609	addons.xpi	DEBUG	Calling bootstrap method startup on loop@mozilla.org version 1.2.6
1482955361628	addons.manager	DEBUG	Registering shutdown blocker for XPIProvider
1482955361628	addons.manager	DEBUG	Provider finished startup: XPIProvider
1482955361628	addons.manager	DEBUG	Starting provider: LightweightThemeManager
1482955361628	addons.manager	DEBUG	Registering shutdown blocker for LightweightThemeManager
1482955361628	addons.manager	DEBUG	Provider finished startup: LightweightThemeManager
1482955361629	addons.manager	DEBUG	Starting provider: GMPProvider
1482955361634	addons.manager	DEBUG	Registering shutdown blocker for GMPProvider
1482955361635	addons.manager	DEBUG	Provider finished startup: GMPProvider
1482955361635	addons.manager	DEBUG	Starting provider: PluginProvider
1482955361635	addons.manager	DEBUG	Registering shutdown blocker for PluginProvider
1482955361635	addons.manager	DEBUG	Provider finished startup: PluginProvider
1482955361635	addons.manager	DEBUG	Completed startup sequence
1482955362625	DeferredSave.extensions.json	DEBUG	Starting timer
1482955362636	addons.manager	DEBUG	Starting provider: <unnamed-provider>
1482955362636	addons.manager	DEBUG	Registering shutdown blocker for <unnamed-provider>
1482955362636	addons.manager	DEBUG	Provider finished startup: <unnamed-provider>
1482955362658	DeferredSave.extensions.json	DEBUG	Starting write
1482955362727	addons.repository	DEBUG	No addons.json found.
1482955362728	DeferredSave.addons.json	DEBUG	Save changes
1482955362772	DeferredSave.addons.json	DEBUG	Starting timer
1482955362861	addons.manager	DEBUG	Starting provider: PreviousExperimentProvider
1482955362861	addons.manager	DEBUG	Registering shutdown blocker for PreviousExperimentProvider
1482955362861	addons.manager	DEBUG	Provider finished startup: PreviousExperimentProvider
1482955362872	DeferredSave.addons.json	DEBUG	Starting write
1482955362877	DeferredSave.extensions.json	DEBUG	Write succeeded
1482955363630	DeferredSave.addons.json	DEBUG	Write succeeded

	at test.service.addNewProductToDbTest.setUp(addNewProductToDbTest.java:14)

a_product_can_be_added_througthe_ui_and_be_retrieved_from_the_db(test.service.addNewProductToDbTest)  Time elapsed: 47.76 sec  <<< ERROR!
java.lang.NullPointerException
	at test.service.addNewProductToDbTest.clean(addNewProductToDbTest.java:20)

