<?xml version="1.0" encoding="UTF-8"?>
<testsuite xmlns:xsi="http://www.w3.org/2001/XMLSchema-instance" xsi:schemaLocation="https://maven.apache.org/surefire/maven-surefire-plugin/xsd/surefire-test-report.xsd" name="test.service.addNewProductToDbTest" time="48.208" tests="2" errors="2" skipped="0" failures="0">
  <properties>
[...]
</properties>
  <testcase name="a_product_can_be_added_througthe_ui_and_be_retrieved_from_the_db" classname="test.service.addNewProductToDbTest" time="47.758">
    <error message="Failed to connect to binary FirefoxBinary(C:\Program Files\Mozilla Firefox\firefox.exe) on port 7055; process output follows: &#10;&quot;:false,&quot;signedState&quot;:2,&quot;seen&quot;:true}&#10;1482955361600	addons.xpi	DEBUG	Updating XPIState for {&quot;id&quot;:&quot;sp@avast.com&quot;,&quot;syncGUID&quot;:&quot;5d3neI-khcDc&quot;,&quot;location&quot;:&quot;winreg-app-global&quot;,&quot;version&quot;:&quot;10.3.5.39&quot;,&quot;type&quot;:&quot;extension&quot;,&quot;internalName&quot;:null,&quot;updateURL&quot;:null,&quot;updateKey&quot;:null,&quot;optionsURL&quot;:null,&quot;optionsType&quot;:null,&quot;aboutURL&quot;:null,&quot;icons&quot;:{},&quot;iconURL&quot;:&quot;chrome://sp/content/common/skin/img/logo-safeprice-48.png&quot;,&quot;icon64URL&quot;:null,&quot;defaultLocale&quot;:{&quot;name&quot;:&quot;Avast SafePrice&quot;,&quot;description&quot;:&quot;Safe shopping extension&quot;,&quot;creator&quot;:&quot;AVAST Software&quot;,&quot;homepageURL&quot;:&quot;http://www.avast.com/&quot;},&quot;visible&quot;:true,&quot;active&quot;:false,&quot;userDisabled&quot;:true,&quot;appDisabled&quot;:false,&quot;descriptor&quot;:&quot;C:\\Program Files\\AVAST Software\\Avast\\SafePrice\\FF&quot;,&quot;installDate&quot;:1474004944753,&quot;updateDate&quot;:1474004944753,&quot;applyBackgroundUpdates&quot;:1,&quot;bootstrap&quot;:true,&quot;skinnable&quot;:false,&quot;size&quot;:1877359,&quot;sourceURI&quot;:null,&quot;releaseNotesURI&quot;:null,&quot;softDisabled&quot;:false,&quot;foreignInstall&quot;:true,&quot;hasBinaryComponents&quot;:false,&quot;strictCompatibility&quot;:false,&quot;locales&quot;:[],&quot;targetApplications&quot;:[{&quot;id&quot;:&quot;{ec8030f7-c20a-464f-9b0e-13a3a9e97384}&quot;,&quot;minVersion&quot;:&quot;38.0a1&quot;,&quot;maxVersion&quot;:&quot;43.0&quot;}],&quot;targetPlatforms&quot;:[],&quot;multiprocessCompatible&quot;:false,&quot;signedState&quot;:2,&quot;seen&quot;:true}&#10;1482955361600	DeferredSave.extensions.json	DEBUG	Save changes&#10;1482955361600	addons.xpi	DEBUG	Updating database with changes to installed add-ons&#10;1482955361600	addons.xpi-utils	DEBUG	Updating add-on states&#10;1482955361601	addons.xpi-utils	DEBUG	Writing add-ons list&#10;1482955361605	addons.xpi	DEBUG	Registering manifest for C:\Program Files\Mozilla Firefox\browser\features\e10srollout@mozilla.org.xpi&#10;1482955361606	addons.xpi	DEBUG	Calling bootstrap method startup on e10srollout@mozilla.org version 1.0&#10;1482955361606	addons.xpi	DEBUG	Registering manifest for C:\Program Files\Mozilla Firefox\browser\features\firefox@getpocket.com.xpi&#10;1482955361607	addons.xpi	DEBUG	Calling bootstrap method startup on firefox@getpocket.com version 1.0&#10;1482955361608	addons.xpi	DEBUG	Registering manifest for C:\Program Files\Mozilla Firefox\browser\features\loop@mozilla.org.xpi&#10;1482955361609	addons.xpi	DEBUG	Calling bootstrap method startup on loop@mozilla.org version 1.2.6&#10;1482955361628	addons.manager	DEBUG	Registering shutdown blocker for XPIProvider&#10;1482955361628	addons.manager	DEBUG	Provider finished startup: XPIProvider&#10;1482955361628	addons.manager	DEBUG	Starting provider: LightweightThemeManager&#10;1482955361628	addons.manager	DEBUG	Registering shutdown blocker for LightweightThemeManager&#10;1482955361628	addons.manager	DEBUG	Provider finished startup: LightweightThemeManager&#10;1482955361629	addons.manager	DEBUG	Starting provider: GMPProvider&#10;1482955361634	addons.manager	DEBUG	Registering shutdown blocker for GMPProvider&#10;1482955361635	addons.manager	DEBUG	Provider finished startup: GMPProvider&#10;1482955361635	addons.manager	DEBUG	Starting provider: PluginProvider&#10;1482955361635	addons.manager	DEBUG	Registering shutdown blocker for PluginProvider&#10;1482955361635	addons.manager	DEBUG	Provider finished startup: PluginProvider&#10;1482955361635	addons.manager	DEBUG	Completed startup sequence&#10;1482955362625	DeferredSave.extensions.json	DEBUG	Starting timer&#10;1482955362636	addons.manager	DEBUG	Starting provider: &lt;unnamed-provider&gt;&#10;1482955362636	addons.manager	DEBUG	Registering shutdown blocker for &lt;unnamed-provider&gt;&#10;1482955362636	addons.manager	DEBUG	Provider finished startup: &lt;unnamed-provider&gt;&#10;1482955362658	DeferredSave.extensions.json	DEBUG	Starting write&#10;1482955362727	addons.repository	DEBUG	No addons.json found.&#10;1482955362728	DeferredSave.addons.json	DEBUG	Save changes&#10;1482955362772	DeferredSave.addons.json	DEBUG	Starting timer&#10;1482955362861	addons.manager	DEBUG	Starting provider: PreviousExperimentProvider&#10;1482955362861	addons.manager	DEBUG	Registering shutdown blocker for PreviousExperimentProvider&#10;1482955362861	addons.manager	DEBUG	Provider finished startup: PreviousExperimentProvider&#10;1482955362872	DeferredSave.addons.json	DEBUG	Starting write&#10;1482955362877	DeferredSave.extensions.json	DEBUG	Write succeeded&#10;1482955363630	DeferredSave.addons.json	DEBUG	Write succeeded&#10;&#10;Build info: version: &apos;2.48.2&apos;, revision: &apos;41bccdd10cf2c0560f637404c2d96164b67d9d67&apos;, time: &apos;2015-10-09 13:08:06&apos;&#10;System info: host: &apos;BPC&apos;, ip: &apos;192.168.57.1&apos;, os.name: &apos;Windows 10&apos;, os.arch: &apos;amd64&apos;, os.version: &apos;10.0&apos;, java.version: &apos;1.8.0_111&apos;&#10;Driver info: driver.version: FirefoxDriver" type="org.openqa.selenium.WebDriverException"><![CDATA[org.openqa.selenium.WebDriverException: 
Failed to connect to binary FirefoxBinary(C:\Program Files\Mozilla Firefox\firefox.exe) on port 7055; process output follows: 
":false,"signedState":2,"seen":true}
1482955361600	addons.xpi	DEBUG	Updating XPIState for {"id":"sp@avast.com","syncGUID":"5d3neI-khcDc","location":"winreg-app-global","version":"10.3.5.39","type":"extension","internalName":null,"updateURL":null,"updateKey":null,"optionsURL":null,"optionsType":null,"aboutURL":null,"icons":{},"iconURL":"chrome://sp/content/common/skin/img/logo-safeprice-48.png","icon64URL":null,"defaultLocale":{"name":"Avast SafePrice","description":"Safe shopping extension","creator":"AVAST Software","homepageURL":"http://www.avast.com/"},"visible":true,"active":false,"userDisabled":true,"appDisabled":false,"descriptor":"C:\\Program Files\\AVAST Software\\Avast\\SafePrice\\FF","installDate":1474004944753,"updateDate":1474004944753,"applyBackgroundUpdates":1,"bootstrap":true,"skinnable":false,"size":1877359,"sourceURI":null,"releaseNotesURI":null,"softDisabled":false,"foreignInstall":true,"hasBinaryComponents":false,"strictCompatibility":false,"locales":[],"targetApplications":[{"id":"{ec8030f7-c20a-464f-9b0e-13a3a9e97384}","minVersion":"38.0a1","maxVersion":"43.0"}],"targetPlatforms":[],"multiprocessCompatible":false,"signedState":2,"seen":true}
1482955361600	DeferredSave.extensions.json	DEBUG	Save changes
1482955361600	addons.xpi	DEBUG	Updating database with changes to installed add-ons
1482955361600	addons.xpi-utils	DEBUG	Updating add-on states
1482955361601	addons.xpi-utils	DEBUG	Writing add-ons list
1482955361605	addons.xpi	DEBUG	Registering manifest for C:\Program Files\Mozilla Firefox\browser\features\e10srollout@mozilla.org.xpi
1482955361606	addons.xpi	DEBUG	Calling bootstrap method startup on e10srollout@mozilla.org version 1.0
1482955361606	addons.xpi	DEBUG	Registering manifest for C:\Program Files\Mozilla Firefox\browser\features\firefox@getpocket.com.xpi
1482955361607	addons.xpi	DEBUG	Calling bootstrap method startup on firefox@getpocket.com version 1.0
1482955361608	addons.xpi	DEBUG	Registering manifest for C:\Program Files\Mozilla Firefox\browser\features\loop@mozilla.org.xpi
1482955361609	addons.xpi	DEBUG	Calling bootstrap method startup on loop@mozilla.org version 1.2.6
1482955361628	addons.manager	DEBUG	Registering shutdown blocker for XPIProvider
1482955361628	addons.manager	DEBUG	Provider finished startup: XPIProvider
1482955361628	addons.manager	DEBUG	Starting provider: LightweightThemeManager
1482955361628	addons.manager	DEBUG	Registering shutdown blocker for LightweightThemeManager
1482955361628	addons.manager	DEBUG	Provider finished startup: LightweightThemeManager
1482955361629	addons.manager	DEBUG	Starting provider: GMPProvider
1482955361634	addons.manager	DEBUG	Registering shutdown blocker for GMPProvider
1482955361635	addons.manager	DEBUG	Provider finished startup: GMPProvider
1482955361635	addons.manager	DEBUG	Starting provider: PluginProvider
1482955361635	addons.manager	DEBUG	Registering shutdown blocker for PluginProvider
1482955361635	addons.manager	DEBUG	Provider finished startup: PluginProvider
1482955361635	addons.manager	DEBUG	Completed startup sequence
1482955362625	DeferredSave.extensions.json	DEBUG	Starting timer
1482955362636	addons.manager	DEBUG	Starting provider: <unnamed-provider>
1482955362636	addons.manager	DEBUG	Registering shutdown blocker for <unnamed-provider>
1482955362636	addons.manager	DEBUG	Provider finished startup: <unnamed-provider>
1482955362658	DeferredSave.extensions.json	DEBUG	Starting write
1482955362727	addons.repository	DEBUG	No addons.json found.
1482955362728	DeferredSave.addons.json	DEBUG	Save changes
1482955362772	DeferredSave.addons.json	DEBUG	Starting timer
1482955362861	addons.manager	DEBUG	Starting provider: PreviousExperimentProvider
1482955362861	addons.manager	DEBUG	Registering shutdown blocker for PreviousExperimentProvider
1482955362861	addons.manager	DEBUG	Provider finished startup: PreviousExperimentProvider
1482955362872	DeferredSave.addons.json	DEBUG	Starting write
1482955362877	DeferredSave.extensions.json	DEBUG	Write succeeded
1482955363630	DeferredSave.addons.json	DEBUG	Write succeeded

Build info: version: '2.48.2', revision: '41bccdd10cf2c0560f637404c2d96164b67d9d67', time: '2015-10-09 13:08:06'
System info: host: 'BPC', ip: '192.168.57.1', os.name: 'Windows 10', os.arch: 'amd64', os.version: '10.0', java.version: '1.8.0_111'
Driver info: driver.version: FirefoxDriver
	at test.service.addNewProductToDbTest.setUp(addNewProductToDbTest.java:14)
Caused by: org.openqa.selenium.firefox.NotConnectedException: 
Unable to connect to host 127.0.0.1 on port 7055 after 45000 ms. Firefox console output:
":false,"signedState":2,"seen":true}
1482955361600	addons.xpi	DEBUG	Updating XPIState for {"id":"sp@avast.com","syncGUID":"5d3neI-khcDc","location":"winreg-app-global","version":"10.3.5.39","type":"extension","internalName":null,"updateURL":null,"updateKey":null,"optionsURL":null,"optionsType":null,"aboutURL":null,"icons":{},"iconURL":"chrome://sp/content/common/skin/img/logo-safeprice-48.png","icon64URL":null,"defaultLocale":{"name":"Avast SafePrice","description":"Safe shopping extension","creator":"AVAST Software","homepageURL":"http://www.avast.com/"},"visible":true,"active":false,"userDisabled":true,"appDisabled":false,"descriptor":"C:\\Program Files\\AVAST Software\\Avast\\SafePrice\\FF","installDate":1474004944753,"updateDate":1474004944753,"applyBackgroundUpdates":1,"bootstrap":true,"skinnable":false,"size":1877359,"sourceURI":null,"releaseNotesURI":null,"softDisabled":false,"foreignInstall":true,"hasBinaryComponents":false,"strictCompatibility":false,"locales":[],"targetApplications":[{"id":"{ec8030f7-c20a-464f-9b0e-13a3a9e97384}","minVersion":"38.0a1","maxVersion":"43.0"}],"targetPlatforms":[],"multiprocessCompatible":false,"signedState":2,"seen":true}
1482955361600	DeferredSave.extensions.json	DEBUG	Save changes
1482955361600	addons.xpi	DEBUG	Updating database with changes to installed add-ons
1482955361600	addons.xpi-utils	DEBUG	Updating add-on states
1482955361601	addons.xpi-utils	DEBUG	Writing add-ons list
1482955361605	addons.xpi	DEBUG	Registering manifest for C:\Program Files\Mozilla Firefox\browser\features\e10srollout@mozilla.org.xpi
1482955361606	addons.xpi	DEBUG	Calling bootstrap method startup on e10srollout@mozilla.org version 1.0
1482955361606	addons.xpi	DEBUG	Registering manifest for C:\Program Files\Mozilla Firefox\browser\features\firefox@getpocket.com.xpi
1482955361607	addons.xpi	DEBUG	Calling bootstrap method startup on firefox@getpocket.com version 1.0
1482955361608	addons.xpi	DEBUG	Registering manifest for C:\Program Files\Mozilla Firefox\browser\features\loop@mozilla.org.xpi
1482955361609	addons.xpi	DEBUG	Calling bootstrap method startup on loop@mozilla.org version 1.2.6
1482955361628	addons.manager	DEBUG	Registering shutdown blocker for XPIProvider
1482955361628	addons.manager	DEBUG	Provider finished startup: XPIProvider
1482955361628	addons.manager	DEBUG	Starting provider: LightweightThemeManager
1482955361628	addons.manager	DEBUG	Registering shutdown blocker for LightweightThemeManager
1482955361628	addons.manager	DEBUG	Provider finished startup: LightweightThemeManager
1482955361629	addons.manager	DEBUG	Starting provider: GMPProvider
1482955361634	addons.manager	DEBUG	Registering shutdown blocker for GMPProvider
1482955361635	addons.manager	DEBUG	Provider finished startup: GMPProvider
1482955361635	addons.manager	DEBUG	Starting provider: PluginProvider
1482955361635	addons.manager	DEBUG	Registering shutdown blocker for PluginProvider
1482955361635	addons.manager	DEBUG	Provider finished startup: PluginProvider
1482955361635	addons.manager	DEBUG	Completed startup sequence
1482955362625	DeferredSave.extensions.json	DEBUG	Starting timer
1482955362636	addons.manager	DEBUG	Starting provider: <unnamed-provider>
1482955362636	addons.manager	DEBUG	Registering shutdown blocker for <unnamed-provider>
1482955362636	addons.manager	DEBUG	Provider finished startup: <unnamed-provider>
1482955362658	DeferredSave.extensions.json	DEBUG	Starting write
1482955362727	addons.repository	DEBUG	No addons.json found.
1482955362728	DeferredSave.addons.json	DEBUG	Save changes
1482955362772	DeferredSave.addons.json	DEBUG	Starting timer
1482955362861	addons.manager	DEBUG	Starting provider: PreviousExperimentProvider
1482955362861	addons.manager	DEBUG	Registering shutdown blocker for PreviousExperimentProvider
1482955362861	addons.manager	DEBUG	Provider finished startup: PreviousExperimentProvider
1482955362872	DeferredSave.addons.json	DEBUG	Starting write
1482955362877	DeferredSave.extensions.json	DEBUG	Write succeeded
1482955363630	DeferredSave.addons.json	DEBUG	Write succeeded

	at test.service.addNewProductToDbTest.setUp(addNewProductToDbTest.java:14)
]]></error>
    <system-err><![CDATA[SLF4J: Failed to load class "org.slf4j.impl.StaticLoggerBinder".
SLF4J: Defaulting to no-operation (NOP) logger implementation
SLF4J: See http://www.slf4j.org/codes.html#StaticLoggerBinder for further details.
org.openqa.selenium.firefox.NotConnectedException: Unable to connect to host 127.0.0.1 on port 7055 after 45000 ms. Firefox console output:
":false,"signedState":2,"seen":true}
1482955361600	addons.xpi	DEBUG	Updating XPIState for {"id":"sp@avast.com","syncGUID":"5d3neI-khcDc","location":"winreg-app-global","version":"10.3.5.39","type":"extension","internalName":null,"updateURL":null,"updateKey":null,"optionsURL":null,"optionsType":null,"aboutURL":null,"icons":{},"iconURL":"chrome://sp/content/common/skin/img/logo-safeprice-48.png","icon64URL":null,"defaultLocale":{"name":"Avast SafePrice","description":"Safe shopping extension","creator":"AVAST Software","homepageURL":"http://www.avast.com/"},"visible":true,"active":false,"userDisabled":true,"appDisabled":false,"descriptor":"C:\\Program Files\\AVAST Software\\Avast\\SafePrice\\FF","installDate":1474004944753,"updateDate":1474004944753,"applyBackgroundUpdates":1,"bootstrap":true,"skinnable":false,"size":1877359,"sourceURI":null,"releaseNotesURI":null,"softDisabled":false,"foreignInstall":true,"hasBinaryComponents":false,"strictCompatibility":false,"locales":[],"targetApplications":[{"id":"{ec8030f7-c20a-464f-9b0e-13a3a9e97384}","minVersion":"38.0a1","maxVersion":"43.0"}],"targetPlatforms":[],"multiprocessCompatible":false,"signedState":2,"seen":true}
1482955361600	DeferredSave.extensions.json	DEBUG	Save changes
1482955361600	addons.xpi	DEBUG	Updating database with changes to installed add-ons
1482955361600	addons.xpi-utils	DEBUG	Updating add-on states
1482955361601	addons.xpi-utils	DEBUG	Writing add-ons list
1482955361605	addons.xpi	DEBUG	Registering manifest for C:\Program Files\Mozilla Firefox\browser\features\e10srollout@mozilla.org.xpi
1482955361606	addons.xpi	DEBUG	Calling bootstrap method startup on e10srollout@mozilla.org version 1.0
1482955361606	addons.xpi	DEBUG	Registering manifest for C:\Program Files\Mozilla Firefox\browser\features\firefox@getpocket.com.xpi
1482955361607	addons.xpi	DEBUG	Calling bootstrap method startup on firefox@getpocket.com version 1.0
1482955361608	addons.xpi	DEBUG	Registering manifest for C:\Program Files\Mozilla Firefox\browser\features\loop@mozilla.org.xpi
1482955361609	addons.xpi	DEBUG	Calling bootstrap method startup on loop@mozilla.org version 1.2.6
1482955361628	addons.manager	DEBUG	Registering shutdown blocker for XPIProvider
1482955361628	addons.manager	DEBUG	Provider finished startup: XPIProvider
1482955361628	addons.manager	DEBUG	Starting provider: LightweightThemeManager
1482955361628	addons.manager	DEBUG	Registering shutdown blocker for LightweightThemeManager
1482955361628	addons.manager	DEBUG	Provider finished startup: LightweightThemeManager
1482955361629	addons.manager	DEBUG	Starting provider: GMPProvider
1482955361634	addons.manager	DEBUG	Registering shutdown blocker for GMPProvider
1482955361635	addons.manager	DEBUG	Provider finished startup: GMPProvider
1482955361635	addons.manager	DEBUG	Starting provider: PluginProvider
1482955361635	addons.manager	DEBUG	Registering shutdown blocker for PluginProvider
1482955361635	addons.manager	DEBUG	Provider finished startup: PluginProvider
1482955361635	addons.manager	DEBUG	Completed startup sequence
1482955362625	DeferredSave.extensions.json	DEBUG	Starting timer
1482955362636	addons.manager	DEBUG	Starting provider: <unnamed-provider>
1482955362636	addons.manager	DEBUG	Registering shutdown blocker for <unnamed-provider>
1482955362636	addons.manager	DEBUG	Provider finished startup: <unnamed-provider>
1482955362658	DeferredSave.extensions.json	DEBUG	Starting write
1482955362727	addons.repository	DEBUG	No addons.json found.
1482955362728	DeferredSave.addons.json	DEBUG	Save changes
1482955362772	DeferredSave.addons.json	DEBUG	Starting timer
1482955362861	addons.manager	DEBUG	Starting provider: PreviousExperimentProvider
1482955362861	addons.manager	DEBUG	Registering shutdown blocker for PreviousExperimentProvider
1482955362861	addons.manager	DEBUG	Provider finished startup: PreviousExperimentProvider
1482955362872	DeferredSave.addons.json	DEBUG	Starting write
1482955362877	DeferredSave.extensions.json	DEBUG	Write succeeded
1482955363630	DeferredSave.addons.json	DEBUG	Write succeeded

	at org.openqa.selenium.firefox.internal.NewProfileExtensionConnection.start(NewProfileExtensionConnection.java:123)
	at org.openqa.selenium.firefox.FirefoxDriver.startClient(FirefoxDriver.java:271)
	at org.openqa.selenium.remote.RemoteWebDriver.<init>(RemoteWebDriver.java:117)
	at org.openqa.selenium.firefox.FirefoxDriver.<init>(FirefoxDriver.java:216)
	at org.openqa.selenium.firefox.FirefoxDriver.<init>(FirefoxDriver.java:211)
	at org.openqa.selenium.firefox.FirefoxDriver.<init>(FirefoxDriver.java:207)
	at org.openqa.selenium.firefox.FirefoxDriver.<init>(FirefoxDriver.java:120)
	at test.service.addNewProductToDbTest.setUp(addNewProductToDbTest.java:14)
	at sun.reflect.NativeMethodAccessorImpl.invoke0(Native Method)
	at sun.reflect.NativeMethodAccessorImpl.invoke(NativeMethodAccessorImpl.java:62)
	at sun.reflect.DelegatingMethodAccessorImpl.invoke(DelegatingMethodAccessorImpl.java:43)
	at java.lang.reflect.Method.invoke(Method.java:498)
	at org.junit.runners.model.FrameworkMethod$1.runReflectiveCall(FrameworkMethod.java:50)
	at org.junit.internal.runners.model.ReflectiveCallable.run(ReflectiveCallable.java:12)
	at org.junit.runners.model.FrameworkMethod.invokeExplosively(FrameworkMethod.java:47)
	at org.junit.internal.runners.statements.RunBefores.evaluate(RunBefores.java:24)
	at org.junit.internal.runners.statements.RunAfters.evaluate(RunAfters.java:27)
	at com.tngtech.jgiven.junit.ScenarioExecutionRule$1.evaluate(ScenarioExecutionRule.java:88)
	at org.junit.runners.ParentRunner.runLeaf(ParentRunner.java:325)
	at org.junit.runners.BlockJUnit4ClassRunner.runChild(BlockJUnit4ClassRunner.java:78)
	at org.junit.runners.BlockJUnit4ClassRunner.runChild(BlockJUnit4ClassRunner.java:57)
	at org.junit.runners.ParentRunner$3.run(ParentRunner.java:290)
	at org.junit.runners.ParentRunner$1.schedule(ParentRunner.java:71)
	at org.junit.runners.ParentRunner.runChildren(ParentRunner.java:288)
	at org.junit.runners.ParentRunner.access$000(ParentRunner.java:58)
	at org.junit.runners.ParentRunner$2.evaluate(ParentRunner.java:268)
	at org.junit.rules.TestWatcher$1.evaluate(TestWatcher.java:55)
	at org.junit.rules.RunRules.evaluate(RunRules.java:20)
	at org.junit.runners.ParentRunner.run(ParentRunner.java:363)
	at org.apache.maven.surefire.junit4.JUnit4Provider.execute(JUnit4Provider.java:344)
	at org.apache.maven.surefire.junit4.JUnit4Provider.executeWithRerun(JUnit4Provider.java:269)
	at org.apache.maven.surefire.junit4.JUnit4Provider.executeTestSet(JUnit4Provider.java:240)
	at org.apache.maven.surefire.junit4.JUnit4Provider.invoke(JUnit4Provider.java:184)
	at org.apache.maven.surefire.booter.ForkedBooter.invokeProviderInSameClassLoader(ForkedBooter.java:286)
	at org.apache.maven.surefire.booter.ForkedBooter.runSuitesInProcess(ForkedBooter.java:240)
	at org.apache.maven.surefire.booter.ForkedBooter.main(ForkedBooter.java:121)
]]></system-err>
  </testcase>
  <testcase name="a_product_can_be_added_througthe_ui_and_be_retrieved_from_the_db" classname="test.service.addNewProductToDbTest" time="47.76">
    <error type="java.lang.NullPointerException">java.lang.NullPointerException
	at test.service.addNewProductToDbTest.clean(addNewProductToDbTest.java:20)
</error>
  </testcase>
</testsuite>